  Addition.cpp
  Division.cpp
  MWH Simple Math.cpp
D:\Users\MWH\Desktop\Mike's Folder\Programming\School Projects\C++\MWH Simple Math\MWH Simple Math\MWH Simple Math\MWH Simple Math.cpp(82,38): warning C4244: 'argument': conversion from 'double' to '_Ty', possible loss of data
          with
          [
              _Ty=int
          ]
D:\Users\MWH\Desktop\Mike's Folder\Programming\School Projects\C++\MWH Simple Math\MWH Simple Math\MWH Simple Math\MWH Simple Math.cpp(87,38): warning C4244: 'argument': conversion from 'double' to '_Ty', possible loss of data
          with
          [
              _Ty=int
          ]
D:\Users\MWH\Desktop\Mike's Folder\Programming\School Projects\C++\MWH Simple Math\MWH Simple Math\MWH Simple Math\MWH Simple Math.cpp(92,40): warning C4244: 'argument': conversion from 'double' to '_Ty', possible loss of data
          with
          [
              _Ty=int
          ]
D:\Users\MWH\Desktop\Mike's Folder\Programming\School Projects\C++\MWH Simple Math\MWH Simple Math\MWH Simple Math\MWH Simple Math.cpp(97,38): warning C4244: 'argument': conversion from 'double' to '_Ty', possible loss of data
          with
          [
              _Ty=int
          ]
D:\Users\MWH\Desktop\Mike's Folder\Programming\School Projects\C++\MWH Simple Math\MWH Simple Math\MWH Simple Math\MWH Simple Math.cpp(105,27): warning C4018: '>': signed/unsigned mismatch
  Multiplication.cpp
  SimpleMath.cpp
  Subtraction.cpp
  Generating Code...
  LINK : D:\Users\MWH\Desktop\Mike's Folder\Programming\School Projects\C++\MWH Simple Math\MWH Simple Math\Debug\MWH Simple Math.exe not found or not built by the last incremental link; performing full link
  MWH Simple Math.vcxproj -> D:\Users\MWH\Desktop\Mike's Folder\Programming\School Projects\C++\MWH Simple Math\MWH Simple Math\Debug\MWH Simple Math.exe
