d:\users\mwh\source\repos\mwh simple math\mwh simple math\debug\mwh simple math.pch
d:\users\mwh\source\repos\mwh simple math\mwh simple math\debug\vc141.pdb
d:\users\mwh\source\repos\mwh simple math\mwh simple math\debug\vc141.idb
d:\users\mwh\source\repos\mwh simple math\mwh simple math\debug\stdafx.obj
d:\users\mwh\source\repos\mwh simple math\mwh simple math\debug\division.obj
d:\users\mwh\source\repos\mwh simple math\mwh simple math\debug\simplemath.obj
d:\users\mwh\source\repos\mwh simple math\mwh simple math\debug\addition.obj
d:\users\mwh\source\repos\mwh simple math\mwh simple math\debug\subtraction.obj
d:\users\mwh\source\repos\mwh simple math\mwh simple math\debug\mwh simple math.obj
d:\users\mwh\source\repos\mwh simple math\mwh simple math\debug\multiplication.obj
d:\users\mwh\source\repos\mwh simple math\mwh simple math\debug\matharray.obj
d:\users\mwh\desktop\mike's folder\college\university of phoenix\github\prg 410 c++\mwh simple math\mwh simple math\mwh simple math\debug\mwh simple math.pch
d:\users\mwh\desktop\mike's folder\college\university of phoenix\github\prg 410 c++\mwh simple math\mwh simple math\mwh simple math\debug\vc141.pdb
d:\users\mwh\desktop\mike's folder\college\university of phoenix\github\prg 410 c++\mwh simple math\mwh simple math\mwh simple math\debug\vc141.idb
d:\users\mwh\desktop\mike's folder\college\university of phoenix\github\prg 410 c++\mwh simple math\mwh simple math\mwh simple math\debug\stdafx.obj
d:\users\mwh\desktop\mike's folder\college\university of phoenix\github\prg 410 c++\mwh simple math\mwh simple math\mwh simple math\debug\subtraction.obj
d:\users\mwh\desktop\mike's folder\college\university of phoenix\github\prg 410 c++\mwh simple math\mwh simple math\mwh simple math\debug\simplemath.obj
d:\users\mwh\desktop\mike's folder\college\university of phoenix\github\prg 410 c++\mwh simple math\mwh simple math\mwh simple math\debug\mwh simple math.obj
d:\users\mwh\desktop\mike's folder\college\university of phoenix\github\prg 410 c++\mwh simple math\mwh simple math\mwh simple math\debug\multiplication.obj
d:\users\mwh\desktop\mike's folder\college\university of phoenix\github\prg 410 c++\mwh simple math\mwh simple math\mwh simple math\debug\division.obj
d:\users\mwh\desktop\mike's folder\college\university of phoenix\github\prg 410 c++\mwh simple math\mwh simple math\mwh simple math\debug\addition.obj
d:\users\mwh\source\repos\mwh simple math\debug\mwh simple math.exe
d:\users\mwh\source\repos\mwh simple math\debug\mwh simple math.ilk
d:\users\mwh\source\repos\mwh simple math\debug\mwh simple math.pdb
d:\users\mwh\desktop\mike's folder\college\university of phoenix\github\prg 410 c++\mwh simple math\mwh simple math\mwh simple math\debug\matharray.obj
d:\users\mwh\desktop\mike's folder\college\university of phoenix\github\prg 410 c++\mwh simple math\mwh simple math\mwh simple math\debug\mwh simple math.obj.enc
d:\users\mwh\desktop\mike's folder\college\university of phoenix\github\prg 410 c++\mwh simple math\mwh simple math\debug\mwh simple math.pdb
d:\users\mwh\desktop\mike's folder\college\university of phoenix\github\prg 410 c++\mwh simple math\mwh simple math\debug\mwh simple math.exe
d:\users\mwh\desktop\mike's folder\college\university of phoenix\github\prg 410 c++\mwh simple math\mwh simple math\mwh simple math\debug\mwh simple math.tlog\cl.command.1.tlog
d:\users\mwh\desktop\mike's folder\college\university of phoenix\github\prg 410 c++\mwh simple math\mwh simple math\mwh simple math\debug\mwh simple math.tlog\cl.read.1.tlog
d:\users\mwh\desktop\mike's folder\college\university of phoenix\github\prg 410 c++\mwh simple math\mwh simple math\mwh simple math\debug\mwh simple math.tlog\cl.write.1.tlog
d:\users\mwh\desktop\mike's folder\college\university of phoenix\github\prg 410 c++\mwh simple math\mwh simple math\mwh simple math\debug\mwh simple math.tlog\link.command.1.tlog
d:\users\mwh\desktop\mike's folder\college\university of phoenix\github\prg 410 c++\mwh simple math\mwh simple math\mwh simple math\debug\mwh simple math.tlog\link.read.1.tlog
d:\users\mwh\desktop\mike's folder\college\university of phoenix\github\prg 410 c++\mwh simple math\mwh simple math\mwh simple math\debug\mwh simple math.tlog\link.write.1.tlog
